Build started 5/14/2015 11:33:35 AM.
     1>Project "C:\Users\Nathan\OneDrive\Documents\Projects\tictactoeyo\tictactoeyo\tictactoeyo.vcxproj" on node 2 (Build target(s)).
     1>ClCompile:
         C:\Program Files (x86)\Microsoft Visual Studio 12.0\VC\bin\CL.exe /c /ZI /nologo /W3 /WX- /sdl /Od /Oy- /D _MBCS /Gm /EHsc /RTC1 /MDd /GS /fp:precise /Zc:wchar_t /Zc:forScope /Fo"Debug\\" /Fd"Debug\vc120.pdb" /Gd /TP /analyze- /errorReport:prompt Source.cpp
         Source.cpp
     1>c:\users\nathan\onedrive\documents\projects\tictactoeyo\tictactoeyo\source.cpp(174): warning C4018: '<' : signed/unsigned mismatch
     1>c:\users\nathan\onedrive\documents\projects\tictactoeyo\tictactoeyo\source.cpp(179): warning C4018: '<' : signed/unsigned mismatch
     1>c:\users\nathan\onedrive\documents\projects\tictactoeyo\tictactoeyo\source.cpp(184): warning C4018: '<' : signed/unsigned mismatch
     1>c:\users\nathan\onedrive\documents\projects\tictactoeyo\tictactoeyo\source.cpp(189): warning C4018: '<' : signed/unsigned mismatch
     1>c:\users\nathan\onedrive\documents\projects\tictactoeyo\tictactoeyo\source.cpp(212): warning C4018: '<' : signed/unsigned mismatch
     1>c:\users\nathan\onedrive\documents\projects\tictactoeyo\tictactoeyo\source.cpp(437): warning C4244: 'argument' : conversion from 'time_t' to 'unsigned int', possible loss of data
     1>c:\users\nathan\onedrive\documents\projects\tictactoeyo\tictactoeyo\source.cpp(262): warning C4715: 'returnR' : not all control paths return a value
     1>c:\users\nathan\onedrive\documents\projects\tictactoeyo\tictactoeyo\source.cpp(561): warning C4715: 'game' : not all control paths return a value
       Link:
         C:\Program Files (x86)\Microsoft Visual Studio 12.0\VC\bin\link.exe /ERRORREPORT:PROMPT /OUT:"C:\Users\Nathan\OneDrive\Documents\Projects\tictactoeyo\Debug\tictactoeyo.exe" /INCREMENTAL /NOLOGO kernel32.lib user32.lib gdi32.lib winspool.lib comdlg32.lib advapi32.lib shell32.lib ole32.lib oleaut32.lib uuid.lib odbc32.lib odbccp32.lib /MANIFEST /MANIFESTUAC:"level='asInvoker' uiAccess='false'" /manifest:embed /DEBUG /PDB:"C:\Users\Nathan\OneDrive\Documents\Projects\tictactoeyo\Debug\tictactoeyo.pdb" /TLBID:1 /DYNAMICBASE /NXCOMPAT /IMPLIB:"C:\Users\Nathan\OneDrive\Documents\Projects\tictactoeyo\Debug\tictactoeyo.lib" /MACHINE:X86 Debug\tictactoeyo.res
         Debug\Source.obj
         tictactoeyo.vcxproj -> C:\Users\Nathan\OneDrive\Documents\Projects\tictactoeyo\Debug\tictactoeyo.exe
     1>Done Building Project "C:\Users\Nathan\OneDrive\Documents\Projects\tictactoeyo\tictactoeyo\tictactoeyo.vcxproj" (Build target(s)).

Build succeeded.

Time Elapsed 00:00:02.75
