c:\users\nathan\documents\visual studio 2013\projects\tictactoeyo\tictactoeyo\debug\vc120.pdb
c:\users\nathan\documents\visual studio 2013\projects\tictactoeyo\tictactoeyo\debug\vc120.idb
c:\users\nathan\documents\visual studio 2013\projects\tictactoeyo\tictactoeyo\debug\source.obj
c:\users\nathan\onedrive\documents\projects\tictactoeyo\tictactoeyo\debug\vc120.pdb
c:\users\nathan\onedrive\documents\projects\tictactoeyo\tictactoeyo\debug\vc120.idb
c:\users\nathan\documents\visual studio 2013\projects\tictactoeyo\debug\tictactoeyo.ilk
c:\users\nathan\documents\visual studio 2013\projects\tictactoeyo\debug\tictactoeyo.exe
c:\users\nathan\documents\visual studio 2013\projects\tictactoeyo\debug\tictactoeyo.pdb
c:\users\nathan\onedrive\documents\projects\tictactoeyo\debug\tictactoeyo.ilk
c:\users\nathan\onedrive\documents\projects\tictactoeyo\debug\tictactoeyo.exe
c:\users\nathan\onedrive\documents\projects\tictactoeyo\debug\tictactoeyo.pdb
c:\users\nathan\onedrive\documents\projects\tictactoeyo\tictactoeyo\debug\tictactoeyo.res
c:\users\nathan\onedrive\documents\projects\tictactoeyo\tictactoeyo\debug\tictactoeyo.tlog\cl.command.1.tlog
c:\users\nathan\onedrive\documents\projects\tictactoeyo\tictactoeyo\debug\tictactoeyo.tlog\cl.read.1.tlog
c:\users\nathan\onedrive\documents\projects\tictactoeyo\tictactoeyo\debug\tictactoeyo.tlog\cl.write.1.tlog
c:\users\nathan\onedrive\documents\projects\tictactoeyo\tictactoeyo\debug\tictactoeyo.tlog\link.command.1.tlog
c:\users\nathan\onedrive\documents\projects\tictactoeyo\tictactoeyo\debug\tictactoeyo.tlog\link.read.1.tlog
c:\users\nathan\onedrive\documents\projects\tictactoeyo\tictactoeyo\debug\tictactoeyo.tlog\link.write.1.tlog
c:\users\nathan\onedrive\documents\projects\tictactoeyo\tictactoeyo\debug\tictactoeyo.tlog\rc.command.1.tlog
c:\users\nathan\onedrive\documents\projects\tictactoeyo\tictactoeyo\debug\tictactoeyo.tlog\rc.read.1.tlog
c:\users\nathan\onedrive\documents\projects\tictactoeyo\tictactoeyo\debug\tictactoeyo.tlog\rc.write.1.tlog
